2024.12.01 12:02:46 WARN  Flyway upgrade recommended: H2 2.3.232 is newer than this version of Flyway and support has not been tested. The latest supported version of H2 is 2.2.224.[0m
2024.12.01 12:02:46 INFO  no build target found for /home/platonv/code/aoc-2024/day1/Main.scala. Using presentation compiler with project's scala-library version: 3.3.4[0m
2024.12.01 12:02:46 INFO  no build target found for /home/platonv/code/aoc-2024/day1/Main.scala. Using presentation compiler with project's scala-library version: 3.3.4[0m
2024.12.01 12:02:46 INFO  Attempting to connect to the build server...[0m
2024.12.01 12:02:46 INFO  Running BSP server List(/usr/local/bin/scala-cli, bsp, --json-options, /home/platonv/code/aoc-2024/day1/.scala-build/ide-options-v2.json, --json-launcher-options, /home/platonv/code/aoc-2024/day1/.scala-build/ide-launcher-options.json, --envs-file, /home/platonv/code/aoc-2024/day1/.scala-build/ide-envs.json, /home/platonv/code/aoc-2024/day1)[0m
2024.12.01 12:02:46 INFO  tracing is disabled for protocol BSP, to enable tracing of incoming and outgoing JSON messages create an empty file at /home/platonv/code/aoc-2024/day1/.metals/bsp.trace.json or /home/platonv/.cache/metals/bsp.trace.json[0m
2024.12.01 12:02:47 INFO  BSP server: Downloading https://repo1.maven.org/maven2/ch/epfl/scala/bloop-frontend_2.12/2.0.5/bloop-frontend_2.12-2.0.5.pom[0m
2024.12.01 12:02:47 INFO  BSP server: Downloaded https://repo1.maven.org/maven2/ch/epfl/scala/bloop-frontend_2.12/2.0.5/bloop-frontend_2.12-2.0.5.pom[0m
2024.12.01 12:02:47 INFO  BSP server: Downloading https://repo1.maven.org/maven2/ch/epfl/scala/libdaemon_2.12/0.0.12/libdaemon_2.12-0.0.12.pom[0m
2024.12.01 12:02:47 INFO  BSP server: Downloading https://repo1.maven.org/maven2/org/scala-lang/scala-library/2.12.20/scala-library-2.12.20.pom[0m
2024.12.01 12:02:47 INFO  BSP server: Downloading https://repo1.maven.org/maven2/ch/epfl/scala/bloop-shared_2.12/2.0.5/bloop-shared_2.12-2.0.5.pom[0m
2024.12.01 12:02:47 INFO  BSP server: Downloading https://repo1.maven.org/maven2/ch/epfl/scala/scala-debug-adapter_2.12/4.2.1/scala-debug-adapter_2.12-4.2.1.pom[0m
2024.12.01 12:02:47 INFO  BSP server: Downloading https://repo1.maven.org/maven2/ch/epfl/scala/bloop-config_2.12/2.1.0/bloop-config_2.12-2.1.0.pom[0m
2024.12.01 12:02:47 INFO  BSP server: Downloading https://repo1.maven.org/maven2/ch/epfl/scala/bloop-backend_2.12/2.0.5/bloop-backend_2.12-2.0.5.pom[0m
2024.12.01 12:02:47 INFO  BSP server: Downloaded https://repo1.maven.org/maven2/ch/epfl/scala/libdaemon_2.12/0.0.12/libdaemon_2.12-0.0.12.pom[0m
2024.12.01 12:02:47 INFO  BSP server: Downloading https://repo1.maven.org/maven2/ch/qos/logback/logback-classic/1.5.12/logback-classic-1.5.12.pom[0m
2024.12.01 12:02:47 INFO  BSP server: Downloaded https://repo1.maven.org/maven2/ch/qos/logback/logback-classic/1.5.12/logback-classic-1.5.12.pom[0m
2024.12.01 12:02:47 INFO  BSP server: Downloaded https://repo1.maven.org/maven2/ch/epfl/scala/bloop-config_2.12/2.1.0/bloop-config_2.12-2.1.0.pom[0m
2024.12.01 12:02:47 INFO  BSP server: Downloaded https://repo1.maven.org/maven2/ch/epfl/scala/scala-debug-adapter_2.12/4.2.1/scala-debug-adapter_2.12-4.2.1.pom[0m
2024.12.01 12:02:47 INFO  BSP server: Downloaded https://repo1.maven.org/maven2/ch/epfl/scala/bloop-shared_2.12/2.0.5/bloop-shared_2.12-2.0.5.pom[0m
2024.12.01 12:02:47 INFO  BSP server: Downloaded https://repo1.maven.org/maven2/ch/epfl/scala/bloop-backend_2.12/2.0.5/bloop-backend_2.12-2.0.5.pom[0m
2024.12.01 12:02:47 INFO  BSP server: Downloaded https://repo1.maven.org/maven2/org/scala-lang/scala-library/2.12.20/scala-library-2.12.20.pom[0m
2024.12.01 12:02:47 INFO  BSP server: Downloading https://repo1.maven.org/maven2/ch/qos/logback/logback-parent/1.5.12/logback-parent-1.5.12.pom[0m
2024.12.01 12:02:47 INFO  BSP server: Downloaded https://repo1.maven.org/maven2/ch/qos/logback/logback-parent/1.5.12/logback-parent-1.5.12.pom[0m
2024.12.01 12:02:47 INFO  BSP server: Downloading https://repo1.maven.org/maven2/com/github/plokhotnyuk/jsoniter-scala/jsoniter-scala-core_2.12/2.30.14/jsoniter-scala-core_2.12-2.30.14.pom[0m
2024.12.01 12:02:47 INFO  BSP server: Downloading https://repo1.maven.org/maven2/org/scala-sbt/zinc_2.12/1.10.4/zinc_2.12-1.10.4.pom[0m
2024.12.01 12:02:47 INFO  BSP server: Downloading https://repo1.maven.org/maven2/org/ow2/asm/asm-util/9.7.1/asm-util-9.7.1.pom[0m
2024.12.01 12:02:47 INFO  BSP server: Downloading https://repo1.maven.org/maven2/org/ow2/asm/asm/9.7.1/asm-9.7.1.pom[0m
2024.12.01 12:02:47 INFO  BSP server: Downloading https://repo1.maven.org/maven2/io/github/alexarchambault/bleep/jsonrpc4s_2.12/0.1.1/jsonrpc4s_2.12-0.1.1.pom[0m
2024.12.01 12:02:47 INFO  BSP server: Downloading https://repo1.maven.org/maven2/org/scala-sbt/test-agent/1.10.5/test-agent-1.10.5.pom[0m
2024.12.01 12:02:47 INFO  BSP server: Downloaded https://repo1.maven.org/maven2/org/ow2/asm/asm/9.7.1/asm-9.7.1.pom[0m
2024.12.01 12:02:47 INFO  BSP server: Downloading https://repo1.maven.org/maven2/org/slf4j/slf4j-api/2.0.15/slf4j-api-2.0.15.pom[0m
2024.12.01 12:02:47 INFO  BSP server: Downloaded https://repo1.maven.org/maven2/com/github/plokhotnyuk/jsoniter-scala/jsoniter-scala-core_2.12/2.30.14/jsoniter-scala-core_2.12-2.30.14.pom[0m
2024.12.01 12:02:47 INFO  BSP server: Downloading https://repo1.maven.org/maven2/io/github/alexarchambault/bleep/nailgun-server/1.0.7/nailgun-server-1.0.7.pom[0m
2024.12.01 12:02:47 INFO  BSP server: Downloaded https://repo1.maven.org/maven2/org/ow2/asm/asm-util/9.7.1/asm-util-9.7.1.pom[0m
2024.12.01 12:02:47 INFO  BSP server: Downloading https://repo1.maven.org/maven2/ch/qos/logback/logback-core/1.5.12/logback-core-1.5.12.pom[0m
2024.12.01 12:02:47 INFO  BSP server: Downloaded https://repo1.maven.org/maven2/io/github/alexarchambault/bleep/jsonrpc4s_2.12/0.1.1/jsonrpc4s_2.12-0.1.1.pom[0m
2024.12.01 12:02:47 INFO  BSP server: Downloading https://repo1.maven.org/maven2/org/scala-sbt/librarymanagement-ivy_2.12/1.10.2/librarymanagement-ivy_2.12-1.10.2.pom[0m
2024.12.01 12:02:47 INFO  BSP server: Downloaded https://repo1.maven.org/maven2/org/scala-sbt/zinc_2.12/1.10.4/zinc_2.12-1.10.4.pom[0m
2024.12.01 12:02:47 INFO  BSP server: Downloading https://repo1.maven.org/maven2/net/java/dev/jna/jna/5.15.0/jna-5.15.0.pom[0m
2024.12.01 12:02:47 INFO  BSP server: Downloaded https://repo1.maven.org/maven2/org/slf4j/slf4j-api/2.0.15/slf4j-api-2.0.15.pom[0m
2024.12.01 12:02:47 INFO  BSP server: Downloading https://repo1.maven.org/maven2/org/scala-lang/scala-reflect/2.12.20/scala-reflect-2.12.20.pom[0m
2024.12.01 12:02:47 INFO  BSP server: Downloaded https://repo1.maven.org/maven2/ch/qos/logback/logback-core/1.5.12/logback-core-1.5.12.pom[0m
2024.12.01 12:02:47 INFO  BSP server: Downloaded https://repo1.maven.org/maven2/io/github/alexarchambault/bleep/nailgun-server/1.0.7/nailgun-server-1.0.7.pom[0m
2024.12.01 12:02:47 INFO  BSP server: Downloaded https://repo1.maven.org/maven2/org/scala-sbt/librarymanagement-ivy_2.12/1.10.2/librarymanagement-ivy_2.12-1.10.2.pom[0m
2024.12.01 12:02:47 INFO  BSP server: Downloaded https://repo1.maven.org/maven2/org/scala-lang/scala-reflect/2.12.20/scala-reflect-2.12.20.pom[0m
2024.12.01 12:02:47 INFO  BSP server: Downloaded https://repo1.maven.org/maven2/net/java/dev/jna/jna/5.15.0/jna-5.15.0.pom[0m
2024.12.01 12:02:47 INFO  BSP server: Downloaded https://repo1.maven.org/maven2/org/scala-sbt/test-agent/1.10.5/test-agent-1.10.5.pom[0m
2024.12.01 12:02:47 INFO  BSP server: Downloading https://repo1.maven.org/maven2/org/slf4j/slf4j-parent/2.0.15/slf4j-parent-2.0.15.pom[0m
2024.12.01 12:02:47 INFO  BSP server: Downloaded https://repo1.maven.org/maven2/org/slf4j/slf4j-parent/2.0.15/slf4j-parent-2.0.15.pom[0m
2024.12.01 12:02:47 INFO  BSP server: Downloading https://repo1.maven.org/maven2/org/slf4j/slf4j-bom/2.0.15/slf4j-bom-2.0.15.pom[0m
2024.12.01 12:02:47 INFO  BSP server: Downloaded https://repo1.maven.org/maven2/org/slf4j/slf4j-bom/2.0.15/slf4j-bom-2.0.15.pom[0m
2024.12.01 12:02:47 INFO  BSP server: Downloading https://repo1.maven.org/maven2/org/ow2/asm/asm-tree/9.7.1/asm-tree-9.7.1.pom[0m
2024.12.01 12:02:47 INFO  BSP server: Downloading https://repo1.maven.org/maven2/org/scala-sbt/zinc-persist_2.12/1.10.4/zinc-persist_2.12-1.10.4.pom[0m
2024.12.01 12:02:47 INFO  BSP server: Downloading https://repo1.maven.org/maven2/org/scala-sbt/zinc-compile-core_2.12/1.10.4/zinc-compile-core_2.12-1.10.4.pom[0m
2024.12.01 12:02:47 INFO  BSP server: Downloading https://repo1.maven.org/maven2/org/scala-sbt/zinc-core_2.12/1.10.4/zinc-core_2.12-1.10.4.pom[0m
2024.12.01 12:02:47 INFO  BSP server: Downloading https://repo1.maven.org/maven2/org/ow2/asm/asm-analysis/9.7.1/asm-analysis-9.7.1.pom[0m
2024.12.01 12:02:47 INFO  BSP server: Downloading https://repo1.maven.org/maven2/net/java/dev/jna/jna-platform/4.4.0/jna-platform-4.4.0.pom[0m
2024.12.01 12:02:47 INFO  BSP server: Downloaded https://repo1.maven.org/maven2/org/scala-sbt/zinc-compile-core_2.12/1.10.4/zinc-compile-core_2.12-1.10.4.pom[0m
2024.12.01 12:02:47 INFO  BSP server: Downloading https://repo1.maven.org/maven2/org/scala-sbt/librarymanagement-core_2.12/1.10.2/librarymanagement-core_2.12-1.10.2.pom[0m
2024.12.01 12:02:47 INFO  BSP server: Downloaded https://repo1.maven.org/maven2/org/ow2/asm/asm-analysis/9.7.1/asm-analysis-9.7.1.pom[0m
2024.12.01 12:02:47 INFO  BSP server: Downloading https://repo1.maven.org/maven2/org/scala-sbt/zinc-classfile_2.12/1.10.4/zinc-classfile_2.12-1.10.4.pom[0m
2024.12.01 12:02:47 INFO  BSP server: Downloaded https://repo1.maven.org/maven2/org/ow2/asm/asm-tree/9.7.1/asm-tree-9.7.1.pom[0m
2024.12.01 12:02:47 INFO  BSP server: Downloaded https://repo1.maven.org/maven2/org/scala-sbt/zinc-core_2.12/1.10.4/zinc-core_2.12-1.10.4.pom[0m
2024.12.01 12:02:47 INFO  BSP server: Downloaded https://repo1.maven.org/maven2/org/scala-sbt/zinc-persist_2.12/1.10.4/zinc-persist_2.12-1.10.4.pom[0m
2024.12.01 12:02:47 INFO  BSP server: Downloaded https://repo1.maven.org/maven2/org/scala-sbt/librarymanagement-core_2.12/1.10.2/librarymanagement-core_2.12-1.10.2.pom[0m
2024.12.01 12:02:47 INFO  BSP server: Downloaded https://repo1.maven.org/maven2/org/scala-sbt/zinc-classfile_2.12/1.10.4/zinc-classfile_2.12-1.10.4.pom[0m
2024.12.01 12:02:47 INFO  BSP server: Downloaded https://repo1.maven.org/maven2/net/java/dev/jna/jna-platform/4.4.0/jna-platform-4.4.0.pom[0m
2024.12.01 12:02:47 INFO  BSP server: Downloading https://repo1.maven.org/maven2/org/scala-sbt/util-logging_2.12/1.10.4/util-logging_2.12-1.10.4.pom[0m
2024.12.01 12:02:47 INFO  BSP server: Downloading https://repo1.maven.org/maven2/org/scala-sbt/io_2.12/1.10.1/io_2.12-1.10.1.pom[0m
2024.12.01 12:02:47 INFO  BSP server: Downloading https://repo1.maven.org/maven2/org/scala-sbt/util-control_2.12/1.10.4/util-control_2.12-1.10.4.pom[0m
2024.12.01 12:02:47 INFO  BSP server: Downloading https://repo1.maven.org/maven2/org/scala-sbt/compiler-interface/1.10.4/compiler-interface-1.10.4.pom[0m
2024.12.01 12:02:47 INFO  BSP server: Downloading https://repo1.maven.org/maven2/org/scala-sbt/zinc-classpath_2.12/1.10.4/zinc-classpath_2.12-1.10.4.pom[0m
2024.12.01 12:02:47 INFO  BSP server: Downloading https://repo1.maven.org/maven2/org/scala-sbt/util-position_2.12/1.10.3/util-position_2.12-1.10.3.pom[0m
2024.12.01 12:02:47 INFO  BSP server: Downloaded https://repo1.maven.org/maven2/org/scala-sbt/util-control_2.12/1.10.4/util-control_2.12-1.10.4.pom[0m
2024.12.01 12:02:47 INFO  BSP server: Downloading https://repo1.maven.org/maven2/org/scala-sbt/util-relation_2.12/1.10.4/util-relation_2.12-1.10.4.pom[0m
2024.12.01 12:02:47 INFO  BSP server: Downloaded https://repo1.maven.org/maven2/org/scala-sbt/io_2.12/1.10.1/io_2.12-1.10.1.pom[0m
2024.12.01 12:02:47 INFO  BSP server: Downloading https://repo1.maven.org/maven2/org/scala-sbt/zinc-persist-core-assembly/1.10.4/zinc-persist-core-assembly-1.10.4.pom[0m
2024.12.01 12:02:47 INFO  BSP server: Downloaded https://repo1.maven.org/maven2/org/scala-sbt/zinc-classpath_2.12/1.10.4/zinc-classpath_2.12-1.10.4.pom[0m
2024.12.01 12:02:47 INFO  BSP server: Downloading https://repo1.maven.org/maven2/org/scala-sbt/launcher-interface/1.4.4/launcher-interface-1.4.4.pom[0m
2024.12.01 12:02:47 INFO  BSP server: Downloaded https://repo1.maven.org/maven2/org/scala-sbt/util-logging_2.12/1.10.4/util-logging_2.12-1.10.4.pom[0m
2024.12.01 12:02:47 INFO  BSP server: Downloading https://repo1.maven.org/maven2/org/scala-sbt/zinc-apiinfo_2.12/1.10.4/zinc-apiinfo_2.12-1.10.4.pom[0m
2024.12.01 12:02:47 INFO  BSP server: Downloaded https://repo1.maven.org/maven2/org/scala-sbt/compiler-interface/1.10.4/compiler-interface-1.10.4.pom[0m
2024.12.01 12:02:47 INFO  BSP server: Downloading https://repo1.maven.org/maven2/org/scala-lang/scala-compiler/2.12.20/scala-compiler-2.12.20.pom[0m
2024.12.01 12:02:47 INFO  BSP server: Downloaded https://repo1.maven.org/maven2/org/scala-sbt/util-relation_2.12/1.10.4/util-relation_2.12-1.10.4.pom[0m
2024.12.01 12:02:47 INFO  BSP server: Downloading https://repo1.maven.org/maven2/org/scala-sbt/util-cache_2.12/1.10.3/util-cache_2.12-1.10.3.pom[0m
2024.12.01 12:02:47 INFO  BSP server: Downloaded https://repo1.maven.org/maven2/org/scala-sbt/zinc-persist-core-assembly/1.10.4/zinc-persist-core-assembly-1.10.4.pom[0m
2024.12.01 12:02:47 INFO  BSP server: Downloaded https://repo1.maven.org/maven2/org/scala-sbt/zinc-apiinfo_2.12/1.10.4/zinc-apiinfo_2.12-1.10.4.pom[0m
2024.12.01 12:02:47 INFO  BSP server: Downloaded https://repo1.maven.org/maven2/org/scala-sbt/launcher-interface/1.4.4/launcher-interface-1.4.4.pom[0m
2024.12.01 12:02:47 INFO  BSP server: Downloaded https://repo1.maven.org/maven2/org/scala-sbt/util-cache_2.12/1.10.3/util-cache_2.12-1.10.3.pom[0m
2024.12.01 12:02:47 INFO  BSP server: Downloaded https://repo1.maven.org/maven2/org/scala-sbt/util-position_2.12/1.10.3/util-position_2.12-1.10.3.pom[0m
2024.12.01 12:02:47 INFO  BSP server: Downloaded https://repo1.maven.org/maven2/org/scala-lang/scala-compiler/2.12.20/scala-compiler-2.12.20.pom[0m
2024.12.01 12:02:47 INFO  BSP server: Downloading https://repo1.maven.org/maven2/org/jline/jline-terminal/3.27.1/jline-terminal-3.27.1.pom[0m
2024.12.01 12:02:47 INFO  BSP server: Downloading https://repo1.maven.org/maven2/com/eed3si9n/sjson-new-scalajson_2.12/0.10.1/sjson-new-scalajson_2.12-0.10.1.pom[0m
2024.12.01 12:02:47 INFO  BSP server: Downloading https://repo1.maven.org/maven2/org/jline/jline-native/3.27.1/jline-native-3.27.1.pom[0m
2024.12.01 12:02:47 INFO  BSP server: Downloading https://repo1.maven.org/maven2/org/scala-sbt/core-macros_2.12/1.10.4/core-macros_2.12-1.10.4.pom[0m
2024.12.01 12:02:47 INFO  BSP server: Downloading https://repo1.maven.org/maven2/org/scala-sbt/util-interface/1.10.4/util-interface-1.10.4.pom[0m
2024.12.01 12:02:47 INFO  BSP server: Downloading https://repo1.maven.org/maven2/org/scala-sbt/compiler-bridge_2.12/1.10.4/compiler-bridge_2.12-1.10.4.pom[0m
2024.12.01 12:02:47 INFO  BSP server: Downloaded https://repo1.maven.org/maven2/org/jline/jline-terminal/3.27.1/jline-terminal-3.27.1.pom[0m
2024.12.01 12:02:47 INFO  BSP server: Downloading https://repo1.maven.org/maven2/org/jline/jline-terminal-jni/3.27.1/jline-terminal-jni-3.27.1.pom[0m
2024.12.01 12:02:47 INFO  BSP server: Downloaded https://repo1.maven.org/maven2/com/eed3si9n/sjson-new-scalajson_2.12/0.10.1/sjson-new-scalajson_2.12-0.10.1.pom[0m
2024.12.01 12:02:47 INFO  BSP server: Downloading https://repo1.maven.org/maven2/org/scala-sbt/collections_2.12/1.10.4/collections_2.12-1.10.4.pom[0m
2024.12.01 12:02:47 INFO  BSP server: Downloaded https://repo1.maven.org/maven2/org/scala-sbt/core-macros_2.12/1.10.4/core-macros_2.12-1.10.4.pom[0m
2024.12.01 12:02:47 INFO  BSP server: Downloading https://repo1.maven.org/maven2/com/eed3si9n/sjson-new-murmurhash_2.12/0.10.1/sjson-new-murmurhash_2.12-0.10.1.pom[0m
2024.12.01 12:02:47 INFO  BSP server: Downloaded https://repo1.maven.org/maven2/org/jline/jline-native/3.27.1/jline-native-3.27.1.pom[0m
2024.12.01 12:02:47 INFO  BSP server: Downloaded https://repo1.maven.org/maven2/org/scala-sbt/util-interface/1.10.4/util-interface-1.10.4.pom[0m
2024.12.01 12:02:48 INFO  BSP server: Downloaded https://repo1.maven.org/maven2/org/jline/jline-terminal-jni/3.27.1/jline-terminal-jni-3.27.1.pom[0m
2024.12.01 12:02:48 INFO  BSP server: Downloaded https://repo1.maven.org/maven2/org/scala-sbt/collections_2.12/1.10.4/collections_2.12-1.10.4.pom[0m
2024.12.01 12:02:48 INFO  BSP server: Downloaded https://repo1.maven.org/maven2/com/eed3si9n/sjson-new-murmurhash_2.12/0.10.1/sjson-new-murmurhash_2.12-0.10.1.pom[0m
2024.12.01 12:02:48 INFO  BSP server: Downloaded https://repo1.maven.org/maven2/org/scala-sbt/compiler-bridge_2.12/1.10.4/compiler-bridge_2.12-1.10.4.pom[0m
2024.12.01 12:02:48 INFO  BSP server: Downloading https://repo1.maven.org/maven2/org/jline/jline-parent/3.27.1/jline-parent-3.27.1.pom[0m
2024.12.01 12:02:48 INFO  BSP server: Downloaded https://repo1.maven.org/maven2/org/jline/jline-parent/3.27.1/jline-parent-3.27.1.pom[0m
2024.12.01 12:02:48 INFO  BSP server: Downloading https://repo1.maven.org/maven2/org/fusesource/jansi/jansi/2.4.0/jansi-2.4.0.pom[0m
2024.12.01 12:02:48 INFO  BSP server: Downloading https://repo1.maven.org/maven2/org/scala-sbt/util-position_2.12/1.10.4/util-position_2.12-1.10.4.pom[0m
2024.12.01 12:02:48 INFO  BSP server: Downloading https://repo1.maven.org/maven2/com/eed3si9n/sjson-new-core_2.12/0.10.1/sjson-new-core_2.12-0.10.1.pom[0m
2024.12.01 12:02:48 INFO  BSP server: Downloading https://repo1.maven.org/maven2/com/eed3si9n/shaded-jawn-parser_2.12/1.3.2/shaded-jawn-parser_2.12-1.3.2.pom[0m
2024.12.01 12:02:48 INFO  BSP server: Downloaded https://repo1.maven.org/maven2/com/eed3si9n/sjson-new-core_2.12/0.10.1/sjson-new-core_2.12-0.10.1.pom[0m
2024.12.01 12:02:48 INFO  BSP server: Downloaded https://repo1.maven.org/maven2/org/scala-sbt/util-position_2.12/1.10.4/util-position_2.12-1.10.4.pom[0m
2024.12.01 12:02:48 INFO  BSP server: Downloaded https://repo1.maven.org/maven2/org/fusesource/jansi/jansi/2.4.0/jansi-2.4.0.pom[0m
2024.12.01 12:02:48 INFO  BSP server: Downloaded https://repo1.maven.org/maven2/com/eed3si9n/shaded-jawn-parser_2.12/1.3.2/shaded-jawn-parser_2.12-1.3.2.pom[0m
2024.12.01 12:02:48 INFO  BSP server: Downloading https://repo1.maven.org/maven2/org/slf4j/slf4j-api/2.0.15/slf4j-api-2.0.15.jar[0m
2024.12.01 12:02:48 INFO  BSP server: Downloading https://repo1.maven.org/maven2/com/github/plokhotnyuk/jsoniter-scala/jsoniter-scala-core_2.12/2.30.14/jsoniter-scala-core_2.12-2.30.14.jar[0m
2024.12.01 12:02:48 INFO  BSP server: Downloading https://repo1.maven.org/maven2/org/ow2/asm/asm-analysis/9.7.1/asm-analysis-9.7.1.jar[0m
2024.12.01 12:02:48 INFO  BSP server: Downloading https://repo1.maven.org/maven2/org/ow2/asm/asm-util/9.7.1/asm-util-9.7.1.jar[0m
2024.12.01 12:02:48 INFO  BSP server: Downloading https://repo1.maven.org/maven2/org/scala-sbt/zinc_2.12/1.10.4/zinc_2.12-1.10.4.jar[0m
2024.12.01 12:02:48 INFO  BSP server: Downloading https://repo1.maven.org/maven2/org/scala-sbt/util-logging_2.12/1.10.4/util-logging_2.12-1.10.4.jar[0m
2024.12.01 12:02:48 INFO  BSP server: Downloaded https://repo1.maven.org/maven2/org/ow2/asm/asm-analysis/9.7.1/asm-analysis-9.7.1.jar[0m
2024.12.01 12:02:48 INFO  BSP server: Downloading https://repo1.maven.org/maven2/org/scala-sbt/util-position_2.12/1.10.4/util-position_2.12-1.10.4.jar[0m
2024.12.01 12:02:48 INFO  BSP server: Downloaded https://repo1.maven.org/maven2/org/scala-sbt/zinc_2.12/1.10.4/zinc_2.12-1.10.4.jar[0m
2024.12.01 12:02:48 INFO  BSP server: Downloading https://repo1.maven.org/maven2/org/scala-sbt/io_2.12/1.10.1/io_2.12-1.10.1.jar[0m
2024.12.01 12:02:48 INFO  BSP server: Downloaded https://repo1.maven.org/maven2/org/scala-sbt/util-position_2.12/1.10.4/util-position_2.12-1.10.4.jar[0m
2024.12.01 12:02:48 INFO  BSP server: Downloading https://repo1.maven.org/maven2/org/scala-sbt/zinc-classfile_2.12/1.10.4/zinc-classfile_2.12-1.10.4.jar[0m
2024.12.01 12:02:48 INFO  BSP server: Downloaded https://repo1.maven.org/maven2/org/slf4j/slf4j-api/2.0.15/slf4j-api-2.0.15.jar[0m
2024.12.01 12:02:48 INFO  BSP server: Downloading https://repo1.maven.org/maven2/net/java/dev/jna/jna/5.15.0/jna-5.15.0.jar[0m
2024.12.01 12:02:48 INFO  BSP server: Downloaded https://repo1.maven.org/maven2/org/ow2/asm/asm-util/9.7.1/asm-util-9.7.1.jar[0m
2024.12.01 12:02:48 INFO  BSP server: Downloading https://repo1.maven.org/maven2/org/scala-sbt/util-relation_2.12/1.10.4/util-relation_2.12-1.10.4.jar[0m
2024.12.01 12:02:48 INFO  BSP server: Downloaded https://repo1.maven.org/maven2/com/github/plokhotnyuk/jsoniter-scala/jsoniter-scala-core_2.12/2.30.14/jsoniter-scala-core_2.12-2.30.14.jar[0m
2024.12.01 12:02:48 INFO  BSP server: Downloading https://repo1.maven.org/maven2/ch/epfl/scala/libdaemon_2.12/0.0.12/libdaemon_2.12-0.0.12.jar[0m
2024.12.01 12:02:48 INFO  BSP server: Downloaded https://repo1.maven.org/maven2/org/scala-sbt/util-relation_2.12/1.10.4/util-relation_2.12-1.10.4.jar[0m
2024.12.01 12:02:48 INFO  BSP server: Downloading https://repo1.maven.org/maven2/org/scala-sbt/test-agent/1.10.5/test-agent-1.10.5.jar[0m
2024.12.01 12:02:48 INFO  BSP server: Downloaded https://repo1.maven.org/maven2/org/scala-sbt/io_2.12/1.10.1/io_2.12-1.10.1.jar[0m
2024.12.01 12:02:48 INFO  BSP server: Downloading https://repo1.maven.org/maven2/org/fusesource/jansi/jansi/2.4.0/jansi-2.4.0.jar[0m
2024.12.01 12:02:48 INFO  BSP server: Downloaded https://repo1.maven.org/maven2/org/scala-sbt/zinc-classfile_2.12/1.10.4/zinc-classfile_2.12-1.10.4.jar[0m
2024.12.01 12:02:48 INFO  BSP server: Downloading https://repo1.maven.org/maven2/org/scala-sbt/util-interface/1.10.4/util-interface-1.10.4.jar[0m
2024.12.01 12:02:48 INFO  BSP server: Downloaded https://repo1.maven.org/maven2/ch/epfl/scala/libdaemon_2.12/0.0.12/libdaemon_2.12-0.0.12.jar[0m
2024.12.01 12:02:48 INFO  BSP server: Downloading https://repo1.maven.org/maven2/org/scala-sbt/compiler-interface/1.10.4/compiler-interface-1.10.4.jar[0m
2024.12.01 12:02:48 INFO  BSP server: Downloaded https://repo1.maven.org/maven2/org/scala-sbt/test-agent/1.10.5/test-agent-1.10.5.jar[0m
2024.12.01 12:02:48 INFO  BSP server: Downloading https://repo1.maven.org/maven2/io/github/alexarchambault/bleep/jsonrpc4s_2.12/0.1.1/jsonrpc4s_2.12-0.1.1.jar[0m
2024.12.01 12:02:48 INFO  BSP server: Downloaded https://repo1.maven.org/maven2/org/fusesource/jansi/jansi/2.4.0/jansi-2.4.0.jar[0m
2024.12.01 12:02:48 INFO  BSP server: Downloading https://repo1.maven.org/maven2/com/eed3si9n/shaded-jawn-parser_2.12/1.3.2/shaded-jawn-parser_2.12-1.3.2.jar[0m
2024.12.01 12:02:48 INFO  BSP server: Downloaded https://repo1.maven.org/maven2/org/scala-sbt/util-interface/1.10.4/util-interface-1.10.4.jar[0m
2024.12.01 12:02:48 INFO  BSP server: Downloading https://repo1.maven.org/maven2/org/scala-sbt/util-cache_2.12/1.10.3/util-cache_2.12-1.10.3.jar[0m
2024.12.01 12:02:48 INFO  BSP server: Downloaded https://repo1.maven.org/maven2/org/scala-sbt/compiler-interface/1.10.4/compiler-interface-1.10.4.jar[0m
2024.12.01 12:02:48 INFO  BSP server: Downloading https://repo1.maven.org/maven2/org/scala-lang/scala-compiler/2.12.20/scala-compiler-2.12.20.jar[0m
2024.12.01 12:02:48 INFO  BSP server: Downloaded https://repo1.maven.org/maven2/com/eed3si9n/shaded-jawn-parser_2.12/1.3.2/shaded-jawn-parser_2.12-1.3.2.jar[0m
2024.12.01 12:02:48 INFO  BSP server: Downloading https://repo1.maven.org/maven2/ch/epfl/scala/bloop-shared_2.12/2.0.5/bloop-shared_2.12-2.0.5.jar[0m
2024.12.01 12:02:48 INFO  BSP server: Downloaded https://repo1.maven.org/maven2/io/github/alexarchambault/bleep/jsonrpc4s_2.12/0.1.1/jsonrpc4s_2.12-0.1.1.jar[0m
2024.12.01 12:02:48 INFO  BSP server: Downloading https://repo1.maven.org/maven2/com/eed3si9n/sjson-new-core_2.12/0.10.1/sjson-new-core_2.12-0.10.1.jar[0m
2024.12.01 12:02:48 INFO  BSP server: Downloaded https://repo1.maven.org/maven2/ch/epfl/scala/bloop-shared_2.12/2.0.5/bloop-shared_2.12-2.0.5.jar[0m
2024.12.01 12:02:48 INFO  BSP server: Downloading https://repo1.maven.org/maven2/com/eed3si9n/sjson-new-murmurhash_2.12/0.10.1/sjson-new-murmurhash_2.12-0.10.1.jar[0m
2024.12.01 12:02:48 INFO  BSP server: Downloaded https://repo1.maven.org/maven2/net/java/dev/jna/jna/5.15.0/jna-5.15.0.jar[0m
2024.12.01 12:02:48 INFO  BSP server: Downloading https://repo1.maven.org/maven2/org/scala-sbt/zinc-classpath_2.12/1.10.4/zinc-classpath_2.12-1.10.4.jar[0m
2024.12.01 12:02:48 INFO  BSP server: Downloaded https://repo1.maven.org/maven2/org/scala-sbt/util-cache_2.12/1.10.3/util-cache_2.12-1.10.3.jar[0m
2024.12.01 12:02:48 INFO  BSP server: Downloading https://repo1.maven.org/maven2/org/jline/jline-terminal-jni/3.27.1/jline-terminal-jni-3.27.1.jar[0m
2024.12.01 12:02:48 INFO  BSP server: Downloaded https://repo1.maven.org/maven2/com/eed3si9n/sjson-new-murmurhash_2.12/0.10.1/sjson-new-murmurhash_2.12-0.10.1.jar[0m
2024.12.01 12:02:48 INFO  BSP server: Downloading https://repo1.maven.org/maven2/ch/epfl/scala/bloop-frontend_2.12/2.0.5/bloop-frontend_2.12-2.0.5.jar[0m
2024.12.01 12:02:48 INFO  BSP server: Downloaded https://repo1.maven.org/maven2/org/scala-sbt/util-logging_2.12/1.10.4/util-logging_2.12-1.10.4.jar[0m
2024.12.01 12:02:48 INFO  BSP server: Downloading https://repo1.maven.org/maven2/org/scala-sbt/librarymanagement-ivy_2.12/1.10.2/librarymanagement-ivy_2.12-1.10.2.jar[0m
2024.12.01 12:02:48 INFO  BSP server: Downloaded https://repo1.maven.org/maven2/org/jline/jline-terminal-jni/3.27.1/jline-terminal-jni-3.27.1.jar[0m
2024.12.01 12:02:48 INFO  BSP server: Downloading https://repo1.maven.org/maven2/ch/epfl/scala/scala-debug-adapter_2.12/4.2.1/scala-debug-adapter_2.12-4.2.1.jar[0m
2024.12.01 12:02:48 INFO  BSP server: Downloaded https://repo1.maven.org/maven2/org/scala-sbt/zinc-classpath_2.12/1.10.4/zinc-classpath_2.12-1.10.4.jar[0m
2024.12.01 12:02:48 INFO  BSP server: Downloading https://repo1.maven.org/maven2/org/scala-sbt/zinc-persist-core-assembly/1.10.4/zinc-persist-core-assembly-1.10.4.jar[0m
2024.12.01 12:02:48 INFO  BSP server: Downloaded https://repo1.maven.org/maven2/ch/epfl/scala/bloop-frontend_2.12/2.0.5/bloop-frontend_2.12-2.0.5.jar[0m
2024.12.01 12:02:48 INFO  BSP server: Downloading https://repo1.maven.org/maven2/org/scala-sbt/zinc-persist_2.12/1.10.4/zinc-persist_2.12-1.10.4.jar[0m
2024.12.01 12:02:48 INFO  BSP server: Downloaded https://repo1.maven.org/maven2/com/eed3si9n/sjson-new-core_2.12/0.10.1/sjson-new-core_2.12-0.10.1.jar[0m
2024.12.01 12:02:48 INFO  BSP server: Downloading https://repo1.maven.org/maven2/org/scala-lang/scala-library/2.12.20/scala-library-2.12.20.jar[0m
2024.12.01 12:02:48 INFO  BSP server: Downloaded https://repo1.maven.org/maven2/org/scala-sbt/zinc-persist_2.12/1.10.4/zinc-persist_2.12-1.10.4.jar[0m
2024.12.01 12:02:48 INFO  BSP server: Downloading https://repo1.maven.org/maven2/com/eed3si9n/sjson-new-scalajson_2.12/0.10.1/sjson-new-scalajson_2.12-0.10.1.jar[0m
2024.12.01 12:02:48 INFO  BSP server: Downloaded https://repo1.maven.org/maven2/org/scala-sbt/librarymanagement-ivy_2.12/1.10.2/librarymanagement-ivy_2.12-1.10.2.jar[0m
2024.12.01 12:02:48 INFO  BSP server: Downloading https://repo1.maven.org/maven2/org/jline/jline-terminal/3.27.1/jline-terminal-3.27.1.jar[0m
2024.12.01 12:02:48 INFO  BSP server: Downloaded https://repo1.maven.org/maven2/com/eed3si9n/sjson-new-scalajson_2.12/0.10.1/sjson-new-scalajson_2.12-0.10.1.jar[0m
2024.12.01 12:02:48 INFO  BSP server: Downloading https://repo1.maven.org/maven2/org/scala-sbt/core-macros_2.12/1.10.4/core-macros_2.12-1.10.4.jar[0m
2024.12.01 12:02:48 INFO  BSP server: Downloaded https://repo1.maven.org/maven2/org/scala-sbt/zinc-persist-core-assembly/1.10.4/zinc-persist-core-assembly-1.10.4.jar[0m
2024.12.01 12:02:48 INFO  BSP server: Downloading https://repo1.maven.org/maven2/org/ow2/asm/asm/9.7.1/asm-9.7.1.jar[0m
2024.12.01 12:02:48 INFO  BSP server: Downloaded https://repo1.maven.org/maven2/ch/epfl/scala/scala-debug-adapter_2.12/4.2.1/scala-debug-adapter_2.12-4.2.1.jar[0m
2024.12.01 12:02:48 INFO  BSP server: Downloading https://repo1.maven.org/maven2/org/scala-sbt/zinc-compile-core_2.12/1.10.4/zinc-compile-core_2.12-1.10.4.jar[0m
2024.12.01 12:02:48 INFO  BSP server: Downloaded https://repo1.maven.org/maven2/org/scala-sbt/core-macros_2.12/1.10.4/core-macros_2.12-1.10.4.jar[0m
2024.12.01 12:02:48 INFO  BSP server: Downloading https://repo1.maven.org/maven2/ch/qos/logback/logback-classic/1.5.12/logback-classic-1.5.12.jar[0m
2024.12.01 12:02:48 INFO  BSP server: Downloaded https://repo1.maven.org/maven2/org/ow2/asm/asm/9.7.1/asm-9.7.1.jar[0m
2024.12.01 12:02:48 INFO  BSP server: Downloading https://repo1.maven.org/maven2/org/scala-sbt/util-control_2.12/1.10.4/util-control_2.12-1.10.4.jar[0m
2024.12.01 12:02:48 INFO  BSP server: Downloaded https://repo1.maven.org/maven2/org/jline/jline-terminal/3.27.1/jline-terminal-3.27.1.jar[0m
2024.12.01 12:02:48 INFO  BSP server: Downloading https://repo1.maven.org/maven2/ch/epfl/scala/bloop-config_2.12/2.1.0/bloop-config_2.12-2.1.0.jar[0m
2024.12.01 12:02:48 INFO  BSP server: Downloaded https://repo1.maven.org/maven2/ch/qos/logback/logback-classic/1.5.12/logback-classic-1.5.12.jar[0m
2024.12.01 12:02:48 INFO  BSP server: Downloading https://repo1.maven.org/maven2/org/scala-sbt/zinc-core_2.12/1.10.4/zinc-core_2.12-1.10.4.jar[0m
2024.12.01 12:02:48 INFO  BSP server: Downloaded https://repo1.maven.org/maven2/org/scala-sbt/zinc-compile-core_2.12/1.10.4/zinc-compile-core_2.12-1.10.4.jar[0m
2024.12.01 12:02:48 INFO  BSP server: Downloading https://repo1.maven.org/maven2/org/scala-sbt/launcher-interface/1.4.4/launcher-interface-1.4.4.jar[0m
2024.12.01 12:02:48 INFO  BSP server: Downloaded https://repo1.maven.org/maven2/org/scala-sbt/util-control_2.12/1.10.4/util-control_2.12-1.10.4.jar[0m
2024.12.01 12:02:48 INFO  BSP server: Downloading https://repo1.maven.org/maven2/org/scala-sbt/zinc-apiinfo_2.12/1.10.4/zinc-apiinfo_2.12-1.10.4.jar[0m
2024.12.01 12:02:48 INFO  BSP server: Downloaded https://repo1.maven.org/maven2/org/scala-sbt/zinc-core_2.12/1.10.4/zinc-core_2.12-1.10.4.jar[0m
2024.12.01 12:02:48 INFO  BSP server: Downloading https://repo1.maven.org/maven2/org/jline/jline-native/3.27.1/jline-native-3.27.1.jar[0m
2024.12.01 12:02:48 INFO  BSP server: Downloaded https://repo1.maven.org/maven2/ch/epfl/scala/bloop-config_2.12/2.1.0/bloop-config_2.12-2.1.0.jar[0m
2024.12.01 12:02:48 INFO  BSP server: Downloading https://repo1.maven.org/maven2/ch/epfl/scala/bloop-backend_2.12/2.0.5/bloop-backend_2.12-2.0.5.jar[0m
2024.12.01 12:02:48 INFO  BSP server: Downloaded https://repo1.maven.org/maven2/org/scala-sbt/launcher-interface/1.4.4/launcher-interface-1.4.4.jar[0m
2024.12.01 12:02:48 INFO  BSP server: Downloading https://repo1.maven.org/maven2/ch/qos/logback/logback-core/1.5.12/logback-core-1.5.12.jar[0m
2024.12.01 12:02:48 INFO  BSP server: Downloaded https://repo1.maven.org/maven2/org/scala-sbt/zinc-apiinfo_2.12/1.10.4/zinc-apiinfo_2.12-1.10.4.jar[0m
2024.12.01 12:02:48 INFO  BSP server: Downloading https://repo1.maven.org/maven2/io/github/alexarchambault/bleep/nailgun-server/1.0.7/nailgun-server-1.0.7.jar[0m
2024.12.01 12:02:48 INFO  BSP server: Downloaded https://repo1.maven.org/maven2/org/jline/jline-native/3.27.1/jline-native-3.27.1.jar[0m
2024.12.01 12:02:48 INFO  BSP server: Downloading https://repo1.maven.org/maven2/org/scala-sbt/compiler-bridge_2.12/1.10.4/compiler-bridge_2.12-1.10.4.jar[0m
2024.12.01 12:02:48 INFO  BSP server: Downloaded https://repo1.maven.org/maven2/org/scala-sbt/compiler-bridge_2.12/1.10.4/compiler-bridge_2.12-1.10.4.jar[0m
2024.12.01 12:02:48 INFO  BSP server: Downloading https://repo1.maven.org/maven2/org/scala-sbt/librarymanagement-core_2.12/1.10.2/librarymanagement-core_2.12-1.10.2.jar[0m
2024.12.01 12:02:48 INFO  BSP server: Downloaded https://repo1.maven.org/maven2/io/github/alexarchambault/bleep/nailgun-server/1.0.7/nailgun-server-1.0.7.jar[0m
2024.12.01 12:02:48 INFO  BSP server: Downloading https://repo1.maven.org/maven2/org/scala-lang/scala-reflect/2.12.20/scala-reflect-2.12.20.jar[0m
2024.12.01 12:02:48 INFO  BSP server: Downloaded https://repo1.maven.org/maven2/ch/epfl/scala/bloop-backend_2.12/2.0.5/bloop-backend_2.12-2.0.5.jar[0m
2024.12.01 12:02:48 INFO  BSP server: Downloading https://repo1.maven.org/maven2/org/scala-sbt/collections_2.12/1.10.4/collections_2.12-1.10.4.jar[0m
2024.12.01 12:02:48 INFO  BSP server: Downloaded https://repo1.maven.org/maven2/org/scala-sbt/librarymanagement-core_2.12/1.10.2/librarymanagement-core_2.12-1.10.2.jar[0m
2024.12.01 12:02:48 INFO  BSP server: Downloading https://repo1.maven.org/maven2/net/java/dev/jna/jna-platform/4.4.0/jna-platform-4.4.0.jar[0m
2024.12.01 12:02:48 INFO  BSP server: Downloaded https://repo1.maven.org/maven2/ch/qos/logback/logback-core/1.5.12/logback-core-1.5.12.jar[0m
2024.12.01 12:02:48 INFO  BSP server: Downloading https://repo1.maven.org/maven2/org/ow2/asm/asm-tree/9.7.1/asm-tree-9.7.1.jar[0m
2024.12.01 12:02:48 INFO  BSP server: Downloaded https://repo1.maven.org/maven2/org/scala-sbt/collections_2.12/1.10.4/collections_2.12-1.10.4.jar[0m
2024.12.01 12:02:48 INFO  BSP server: Downloaded https://repo1.maven.org/maven2/org/ow2/asm/asm-tree/9.7.1/asm-tree-9.7.1.jar[0m
2024.12.01 12:02:49 INFO  BSP server: Downloaded https://repo1.maven.org/maven2/org/scala-lang/scala-reflect/2.12.20/scala-reflect-2.12.20.jar[0m
2024.12.01 12:02:49 INFO  BSP server: Downloaded https://repo1.maven.org/maven2/org/scala-lang/scala-library/2.12.20/scala-library-2.12.20.jar[0m
2024.12.01 12:02:49 INFO  BSP server: Downloaded https://repo1.maven.org/maven2/net/java/dev/jna/jna-platform/4.4.0/jna-platform-4.4.0.jar[0m
2024.12.01 12:02:49 INFO  BSP server: Downloaded https://repo1.maven.org/maven2/org/scala-lang/scala-compiler/2.12.20/scala-compiler-2.12.20.jar[0m
2024.12.01 12:02:49 INFO  BSP server: Starting compilation server[0m
2024.12.01 12:02:50 INFO  BSP server: Downloading https://repo1.maven.org/maven2/org/scala-lang/scala3-compiler_3/3.5.2/scala3-compiler_3-3.5.2.pom[0m
2024.12.01 12:02:50 INFO  BSP server: Downloaded https://repo1.maven.org/maven2/org/scala-lang/scala3-compiler_3/3.5.2/scala3-compiler_3-3.5.2.pom[0m
2024.12.01 12:02:50 INFO  BSP server: Downloading https://repo1.maven.org/maven2/org/scala-lang/tasty-core_3/3.5.2/tasty-core_3-3.5.2.pom[0m
2024.12.01 12:02:50 INFO  BSP server: Downloading https://repo1.maven.org/maven2/org/scala-lang/scala3-library_3/3.5.2/scala3-library_3-3.5.2.pom[0m
2024.12.01 12:02:50 INFO  BSP server: Downloading https://repo1.maven.org/maven2/org/scala-lang/scala3-interfaces/3.5.2/scala3-interfaces-3.5.2.pom[0m
2024.12.01 12:02:50 INFO  BSP server: Downloading https://repo1.maven.org/maven2/org/scala-lang/modules/scala-asm/9.7.0-scala-2/scala-asm-9.7.0-scala-2.pom[0m
2024.12.01 12:02:50 INFO  BSP server: Downloaded https://repo1.maven.org/maven2/org/scala-lang/scala3-library_3/3.5.2/scala3-library_3-3.5.2.pom[0m
2024.12.01 12:02:50 INFO  BSP server: Downloaded https://repo1.maven.org/maven2/org/scala-lang/modules/scala-asm/9.7.0-scala-2/scala-asm-9.7.0-scala-2.pom[0m
2024.12.01 12:02:50 INFO  BSP server: Downloaded https://repo1.maven.org/maven2/org/scala-lang/scala3-interfaces/3.5.2/scala3-interfaces-3.5.2.pom[0m
2024.12.01 12:02:50 INFO  BSP server: Downloaded https://repo1.maven.org/maven2/org/scala-lang/tasty-core_3/3.5.2/tasty-core_3-3.5.2.pom[0m
2024.12.01 12:02:50 INFO  BSP server: Downloading https://repo1.maven.org/maven2/org/scala-lang/tasty-core_3/3.5.2/tasty-core_3-3.5.2.jar[0m
2024.12.01 12:02:50 INFO  BSP server: Downloading https://repo1.maven.org/maven2/org/scala-lang/scala3-interfaces/3.5.2/scala3-interfaces-3.5.2.jar[0m
2024.12.01 12:02:50 INFO  BSP server: Downloading https://repo1.maven.org/maven2/org/scala-lang/scala3-library_3/3.5.2/scala3-library_3-3.5.2.jar[0m
2024.12.01 12:02:50 INFO  BSP server: Downloading https://repo1.maven.org/maven2/org/scala-lang/modules/scala-asm/9.7.0-scala-2/scala-asm-9.7.0-scala-2.jar[0m
2024.12.01 12:02:50 INFO  BSP server: Downloading https://repo1.maven.org/maven2/org/scala-lang/scala3-compiler_3/3.5.2/scala3-compiler_3-3.5.2.jar[0m
2024.12.01 12:02:50 INFO  BSP server: Downloaded https://repo1.maven.org/maven2/org/scala-lang/scala3-interfaces/3.5.2/scala3-interfaces-3.5.2.jar[0m
2024.12.01 12:02:50 INFO  BSP server: Downloaded https://repo1.maven.org/maven2/org/scala-lang/tasty-core_3/3.5.2/tasty-core_3-3.5.2.jar[0m
2024.12.01 12:02:50 INFO  BSP server: Downloaded https://repo1.maven.org/maven2/org/scala-lang/scala3-library_3/3.5.2/scala3-library_3-3.5.2.jar[0m
2024.12.01 12:02:50 INFO  BSP server: Downloaded https://repo1.maven.org/maven2/org/scala-lang/modules/scala-asm/9.7.0-scala-2/scala-asm-9.7.0-scala-2.jar[0m
2024.12.01 12:02:50 INFO  BSP server: Downloaded https://repo1.maven.org/maven2/org/scala-lang/scala3-compiler_3/3.5.2/scala3-compiler_3-3.5.2.jar[0m
2024.12.01 12:02:50 INFO  BSP server: Downloading https://repo1.maven.org/maven2/org/scala-lang/scala3-sbt-bridge/3.5.2/scala3-sbt-bridge-3.5.2.pom[0m
2024.12.01 12:02:50 INFO  BSP server: Downloaded https://repo1.maven.org/maven2/org/scala-lang/scala3-sbt-bridge/3.5.2/scala3-sbt-bridge-3.5.2.pom[0m
2024.12.01 12:02:50 INFO  BSP server: Downloading https://repo1.maven.org/maven2/org/scala-lang/scala3-sbt-bridge/3.5.2/scala3-sbt-bridge-3.5.2.jar[0m
2024.12.01 12:02:50 INFO  BSP server: Downloaded https://repo1.maven.org/maven2/org/scala-lang/scala3-sbt-bridge/3.5.2/scala3-sbt-bridge-3.5.2.jar[0m
2024.12.01 12:02:50 INFO  BSP server: Downloading https://repo1.maven.org/maven2/org/scala-lang/scala3-library_3/3.5.2/scala3-library_3-3.5.2-sources.jar[0m
2024.12.01 12:02:50 INFO  BSP server: Downloaded https://repo1.maven.org/maven2/org/scala-lang/scala3-library_3/3.5.2/scala3-library_3-3.5.2-sources.jar[0m
2024.12.01 12:02:51 INFO  time: Connected to build server in 4.65s[0m
2024.12.01 12:02:51 INFO  Connected to Build server: scala-cli v1.5.4[0m
2024.12.01 12:02:51 INFO  compiling day1_eb778a251d (1 scala source)[0m
2024.12.01 12:02:51 INFO  compiling day1_eb778a251d (1 scala source)[0m
2024.12.01 12:02:53 INFO  no build target found for /home/platonv/code/aoc-2024/day1/Main.scala. Using presentation compiler with project's scala-library version: 3.3.4[0m
2024.12.01 12:02:53 WARN  no build target for: /home/platonv/code/aoc-2024/day1/Main.scala[0m
2024.12.01 12:02:53 INFO  no build target found for /home/platonv/code/aoc-2024/day1/Main.scala. Using presentation compiler with project's scala-library version: 3.3.4[0m
Dec 01, 2024 12:02:53 PM org.eclipse.lsp4j.jsonrpc.RemoteEndpoint handleCancellation
WARNING: Unmatched cancel notification for request id 4
2024.12.01 12:02:53 INFO  no build target found for /home/platonv/code/aoc-2024/day1/Main.scala. Using presentation compiler with project's scala-library version: 3.3.4[0m
2024.12.01 12:02:53 INFO  no build target found for /home/platonv/code/aoc-2024/day1/Main.scala. Using presentation compiler with project's scala-library version: 3.3.4[0m
2024.12.01 12:02:53 INFO  no build target found for /home/platonv/code/aoc-2024/day1/Main.scala. Using presentation compiler with project's scala-library version: 3.3.4[0m
2024.12.01 12:02:53 INFO  no build target found for /home/platonv/code/aoc-2024/day1/Main.scala. Using presentation compiler with project's scala-library version: 3.3.4[0m
2024.12.01 12:02:53 INFO  no build target found for /home/platonv/code/aoc-2024/day1/Main.scala. Using presentation compiler with project's scala-library version: 3.3.4[0m
2024.12.01 12:02:53 INFO  running doctor check[0m
2024.12.01 12:02:53 INFO  java targets: day1_eb778a251d-test, day1_eb778a251d[0m
Dec 01, 2024 12:02:54 PM org.eclipse.lsp4j.jsonrpc.RemoteEndpoint handleCancellation
WARNING: Unmatched cancel notification for request id 7
Dec 01, 2024 12:02:54 PM org.eclipse.lsp4j.jsonrpc.RemoteEndpoint handleCancellation
WARNING: Unmatched cancel notification for request id 6
Dec 01, 2024 12:02:54 PM org.eclipse.lsp4j.jsonrpc.RemoteEndpoint handleCancellation
WARNING: Unmatched cancel notification for request id 11
Dec 01, 2024 12:02:54 PM org.eclipse.lsp4j.jsonrpc.RemoteEndpoint handleCancellation
WARNING: Unmatched cancel notification for request id 17
Dec 01, 2024 12:02:54 PM org.eclipse.lsp4j.jsonrpc.RemoteEndpoint handleCancellation
WARNING: Unmatched cancel notification for request id 21
Dec 01, 2024 12:02:54 PM org.eclipse.lsp4j.jsonrpc.RemoteEndpoint handleCancellation
WARNING: Unmatched cancel notification for request id 20
Dec 01, 2024 12:02:54 PM org.eclipse.lsp4j.jsonrpc.RemoteEndpoint handleCancellation
WARNING: Unmatched cancel notification for request id 26
Dec 01, 2024 12:02:54 PM org.eclipse.lsp4j.jsonrpc.RemoteEndpoint handleCancellation
WARNING: Unmatched cancel notification for request id 27
Dec 01, 2024 12:02:54 PM org.eclipse.lsp4j.jsonrpc.RemoteEndpoint handleCancellation
WARNING: Unmatched cancel notification for request id 25
Dec 01, 2024 12:02:54 PM org.eclipse.lsp4j.jsonrpc.RemoteEndpoint handleCancellation
WARNING: Unmatched cancel notification for request id 24
Dec 01, 2024 12:02:54 PM org.eclipse.lsp4j.jsonrpc.RemoteEndpoint handleCancellation
WARNING: Unmatched cancel notification for request id 35
2024.12.01 12:02:54 INFO  compiling day1_eb778a251d (1 scala source)[0m
2024.12.01 12:02:54 INFO  time: compiled day1_eb778a251d in 62ms[0m
2024.12.01 12:02:55 WARN  Flyway upgrade recommended: H2 2.3.232 is newer than this version of Flyway and support has not been tested. The latest supported version of H2 is 2.2.224.[0m
2024.12.01 12:03:00 INFO  time: indexed workspace in 6.85s[0m
2024.12.01 12:03:38 INFO  compiling day1_eb778a251d (1 scala source)[0m
2024.12.01 12:03:38 INFO  time: compiled day1_eb778a251d in 60ms[0m
2024.12.01 12:03:38 INFO  compiling day1_eb778a251d (1 scala source)[0m
2024.12.01 12:03:38 INFO  time: compiled day1_eb778a251d in 57ms[0m
2024.12.01 12:03:39 INFO  file:///home/platonv/code/aoc-2024/day1/Main.scala:2:1: stale bloop error: indented definitions expected, eof found

^[0m
2024.12.01 12:03:39 INFO  file:///home/platonv/code/aoc-2024/day1/Main.scala:2:1: stale bloop error: indented definitions expected, eof found

^[0m
2024.12.01 12:03:40 WARN  Could not find semantic tokens for: file:///home/platonv/code/aoc-2024/day1/Main.scala[0m
2024.12.01 12:03:41 WARN  Could not find semantic tokens for: file:///home/platonv/code/aoc-2024/day1/Main.scala[0m
2024.12.01 12:03:41 WARN  Could not find semantic tokens for: file:///home/platonv/code/aoc-2024/day1/Main.scala[0m
2024.12.01 12:03:42 WARN  Could not find semantic tokens for: file:///home/platonv/code/aoc-2024/day1/Main.scala[0m
2024.12.01 12:03:42 WARN  Could not find semantic tokens for: file:///home/platonv/code/aoc-2024/day1/Main.scala[0m
2024.12.01 12:03:43 WARN  Could not find semantic tokens for: file:///home/platonv/code/aoc-2024/day1/Main.scala[0m
2024.12.01 12:03:44 INFO  compiling day1_eb778a251d (1 scala source)[0m
2024.12.01 12:03:44 INFO  time: compiled day1_eb778a251d in 31ms[0m
2024.12.01 12:03:43 WARN  Could not find semantic tokens for: file:///home/platonv/code/aoc-2024/day1/Main.scala[0m
2024.12.01 12:03:45 WARN  Could not find semantic tokens for: file:///home/platonv/code/aoc-2024/day1/Main.scala[0m
2024.12.01 12:03:45 INFO  compiling day1_eb778a251d (1 scala source)[0m
2024.12.01 12:03:45 INFO  time: compiled day1_eb778a251d in 28ms[0m
2024.12.01 12:03:45 WARN  Could not find semantic tokens for: file:///home/platonv/code/aoc-2024/day1/Main.scala[0m
2024.12.01 12:03:48 WARN  Could not find semantic tokens for: file:///home/platonv/code/aoc-2024/day1/Main.scala[0m
2024.12.01 12:03:49 INFO  compiling day1_eb778a251d (1 scala source)[0m
2024.12.01 12:03:49 INFO  time: compiled day1_eb778a251d in 27ms[0m
2024.12.01 12:03:48 WARN  Could not find semantic tokens for: file:///home/platonv/code/aoc-2024/day1/Main.scala[0m
2024.12.01 12:03:49 WARN  Could not find semantic tokens for: file:///home/platonv/code/aoc-2024/day1/Main.scala[0m
Dec 01, 2024 12:03:50 PM org.eclipse.lsp4j.jsonrpc.RemoteEndpoint handleCancellation
WARNING: Unmatched cancel notification for request id 130
2024.12.01 12:03:50 WARN  Could not find semantic tokens for: file:///home/platonv/code/aoc-2024/day1/Main.scala[0m
2024.12.01 12:03:50 WARN  Could not find semantic tokens for: file:///home/platonv/code/aoc-2024/day1/Main.scala[0m
2024.12.01 12:03:51 INFO  compiling day1_eb778a251d (1 scala source)[0m
2024.12.01 12:03:51 INFO  time: compiled day1_eb778a251d in 23ms[0m
2024.12.01 12:03:51 WARN  Could not find semantic tokens for: file:///home/platonv/code/aoc-2024/day1/Main.scala[0m
2024.12.01 12:04:50 INFO  no build target found for /home/platonv/code/aoc-2024/day1/Main.sc. Using presentation compiler with project's scala-library version: 3.3.4[0m
2024.12.01 12:04:50 INFO  Cancelling compilation on scala-cli server[0m
2024.12.01 12:04:50 INFO  no build target found for /home/platonv/code/aoc-2024/day1/Main.sc. Using presentation compiler with project's scala-library version: 3.3.4[0m
2024.12.01 12:04:50 INFO  compiling day1_eb778a251d (1 scala source)[0m
2024.12.01 12:04:50 INFO  no build target found for /home/platonv/code/aoc-2024/day1/Main.sc. Using presentation compiler with project's scala-library version: 3.3.4[0m
2024.12.01 12:04:50 WARN  Could not find semantic tokens for: file:///home/platonv/code/aoc-2024/day1/Main.sc[0m
2024.12.01 12:04:50 INFO  no build target found for /home/platonv/code/aoc-2024/day1/Main.sc. Using presentation compiler with project's scala-library version: 3.3.4[0m
2024.12.01 12:04:50 INFO  no build target found for /home/platonv/code/aoc-2024/day1/Main.sc. Using presentation compiler with project's scala-library version: 3.3.4[0m
2024.12.01 12:04:50 WARN  Could not find semantic tokens for: file:///home/platonv/code/aoc-2024/day1/Main.sc[0m
2024.12.01 12:04:50 WARN  Invalid text document uri received from build server: file:///home/platonv/code/aoc-2024/day1/Main.scala[0m
2024.12.01 12:04:50 INFO  time: compiled day1_eb778a251d in 0.86s[0m
2024.12.01 12:04:50 WARN  no build target for: /home/platonv/code/aoc-2024/day1/Main.sc[0m
2024.12.01 12:04:50 INFO  no build target found for /home/platonv/code/aoc-2024/day1/Main.sc. Using presentation compiler with project's scala-library version: 3.3.4[0m
2024.12.01 12:04:50 INFO  time: Imported build in 0.88s[0m
2024.12.01 12:04:50 INFO  running doctor check[0m
2024.12.01 12:04:50 INFO  java targets: day1_eb778a251d-test, day1_eb778a251d[0m
2024.12.01 12:04:51 WARN  Could not find semantic tokens for: file:///home/platonv/code/aoc-2024/day1/Main.sc[0m
2024.12.01 12:04:51 INFO  time: indexed workspace in 1s[0m
2024.12.01 12:04:53 INFO  Running List(/usr/local/bin/scala-cli, bsp, /home/platonv/code/aoc-2024/day1)[0m
2024.12.01 12:04:53 INFO  tracing is disabled for protocol BSP, to enable tracing of incoming and outgoing JSON messages create an empty file at /home/platonv/code/aoc-2024/day1/.metals/bsp.trace.json or /home/platonv/.cache/metals/bsp.trace.json[0m
2024.12.01 12:04:54 INFO  Connected to Scala CLI server v1.5.4[0m
2024.12.01 12:04:53 INFO  compiling day1_d5c0a6989e (1 scala source)[0m
2024.12.01 12:04:53 INFO  time: compiled day1_d5c0a6989e in 0.29s[0m
2024.12.01 12:04:53 INFO  time: indexed workspace in 0.68s[0m
2024.12.01 12:04:54 INFO  Scala CLI started for /home/platonv/code/aoc-2024/day1[0m
Dec 01, 2024 12:09:30 PM org.eclipse.lsp4j.jsonrpc.RemoteEndpoint handleCancellation
WARNING: Unmatched cancel notification for request id 479
2024.12.01 12:10:14 INFO  compiling day1_d5c0a6989e (1 scala source)[0m
2024.12.01 12:10:14 INFO  time: compiled day1_d5c0a6989e in 0.41s[0m
2024.12.01 12:10:24 INFO  compiling day1_d5c0a6989e (1 scala source)[0m
2024.12.01 12:10:24 INFO  time: compiled day1_d5c0a6989e in 99ms[0m
Dec 01, 2024 12:11:09 PM org.eclipse.lsp4j.jsonrpc.RemoteEndpoint handleCancellation
WARNING: Unmatched cancel notification for request id 1192
2024.12.01 12:11:14 INFO  compiling day1_d5c0a6989e (1 scala source)[0m
2024.12.01 12:11:14 INFO  time: compiled day1_d5c0a6989e in 0.38s[0m
Dec 01, 2024 12:11:20 PM org.eclipse.lsp4j.jsonrpc.RemoteEndpoint handleCancellation
WARNING: Unmatched cancel notification for request id 1254
Dec 01, 2024 12:11:20 PM org.eclipse.lsp4j.jsonrpc.RemoteEndpoint handleCancellation
WARNING: Unmatched cancel notification for request id 1257
2024.12.01 12:11:26 INFO  compiling day1_d5c0a6989e (1 scala source)[0m
2024.12.01 12:11:26 INFO  time: compiled day1_d5c0a6989e in 91ms[0m
2024.12.01 12:11:31 INFO  compiling day1_d5c0a6989e (1 scala source)[0m
2024.12.01 12:11:31 INFO  time: compiled day1_d5c0a6989e in 0.23s[0m
2024.12.01 12:12:58 INFO  compiling day1_d5c0a6989e (1 scala source)[0m
2024.12.01 12:12:58 INFO  time: compiled day1_d5c0a6989e in 0.28s[0m
2024.12.01 12:13:03 INFO  compiling day1_d5c0a6989e (1 scala source)[0m
2024.12.01 12:13:03 INFO  time: compiled day1_d5c0a6989e in 0.18s[0m
2024.12.01 12:13:05 INFO  compiling day1_d5c0a6989e (1 scala source)[0m
2024.12.01 12:13:05 INFO  time: compiled day1_d5c0a6989e in 0.18s[0m
Dec 01, 2024 12:13:26 PM org.eclipse.lsp4j.jsonrpc.RemoteEndpoint handleCancellation
WARNING: Unmatched cancel notification for request id 1736
Dec 01, 2024 12:13:26 PM org.eclipse.lsp4j.jsonrpc.RemoteEndpoint handleCancellation
WARNING: Unmatched cancel notification for request id 1750
2024.12.01 12:13:27 INFO  compiling day1_d5c0a6989e (1 scala source)[0m
2024.12.01 12:13:27 INFO  time: compiled day1_d5c0a6989e in 0.17s[0m
Dec 01, 2024 12:16:00 PM org.eclipse.lsp4j.jsonrpc.RemoteEndpoint handleCancellation
WARNING: Unmatched cancel notification for request id 1874
Dec 01, 2024 12:16:09 PM org.eclipse.lsp4j.jsonrpc.RemoteEndpoint handleCancellation
WARNING: Unmatched cancel notification for request id 2015
2024.12.01 12:16:12 INFO  Scala CLI: [warn]  Annotation @main in .sc scripts is not supported, use .scala format instead[0m
2024.12.01 12:16:12 INFO  compiling day1_d5c0a6989e (1 scala source)[0m
2024.12.01 12:16:12 INFO  time: compiled day1_d5c0a6989e in 96ms[0m
Dec 01, 2024 12:16:53 PM org.eclipse.lsp4j.jsonrpc.RemoteEndpoint handleCancellation
WARNING: Unmatched cancel notification for request id 2124
2024.12.01 12:16:54 INFO  time: compiled day1_d5c0a6989e in 2ms[0m
2024.12.01 12:17:09 INFO  no build target found for /home/platonv/code/aoc-2024/day1/main.sc. Using presentation compiler with project's scala-library version: 3.3.4[0m
2024.12.01 12:17:09 INFO  no build target found for /home/platonv/code/aoc-2024/day1/main.sc. Using presentation compiler with project's scala-library version: 3.3.4[0m
2024.12.01 12:17:09 INFO  Cancelling compilation on scala-cli server[0m
2024.12.01 12:17:09 INFO  no build target found for /home/platonv/code/aoc-2024/day1/main.sc. Using presentation compiler with project's scala-library version: 3.3.4[0m
2024.12.01 12:17:09 INFO  compiling day1_d5c0a6989e (1 scala source)[0m
2024.12.01 12:17:09 INFO  compiling day1_eb778a251d (1 scala source)[0m
2024.12.01 12:17:09 INFO  time: compiled day1_d5c0a6989e in 0.36s[0m
2024.12.01 12:17:10 WARN  no build target for: /home/platonv/code/aoc-2024/day1/main.sc[0m
2024.12.01 12:17:09 INFO  Deduplicating compilation of day1_d5c0a6989e from bsp client 'scala-cli 1.5.4' (since 12m 16.112s)[0m
2024.12.01 12:17:09 INFO  time: compiled day1_eb778a251d in 0.29s[0m
2024.12.01 12:17:09 INFO  running doctor check[0m
2024.12.01 12:17:10 INFO  running doctor check[0m
2024.12.01 12:17:09 INFO  java targets: day1_d5c0a6989e, day1_d5c0a6989e-test, day1_eb778a251d-test, day1_eb778a251d[0m
2024.12.01 12:17:10 INFO  java targets: day1_d5c0a6989e, day1_d5c0a6989e-test, day1_eb778a251d-test, day1_eb778a251d[0m
2024.12.01 12:17:10 INFO  time: indexed workspace in 1.43s[0m
2024.12.01 12:17:11 INFO  time: indexed workspace in 1.5s[0m
Dec 01, 2024 12:18:00 PM scala.meta.internal.pc.CompilerAccess handleError
SEVERE: A severe compiler error occurred, full details of the error can be found in the error report /home/platonv/code/aoc-2024/day1/.metals/.reports/metals-full/2024-12-01/r_compiler-error_(day1_eb778a251d)_12-18-00-485.md
2024.12.01 12:18:44 INFO  compiling day1_eb778a251d (1 scala source)[0m
2024.12.01 12:18:44 INFO  time: compiled day1_eb778a251d in 0.12s[0m
2024.12.01 12:18:50 INFO  compiling day1_eb778a251d (1 scala source)[0m
2024.12.01 12:18:50 INFO  time: compiled day1_eb778a251d in 79ms[0m
2024.12.01 12:18:54 INFO  compiling day1_eb778a251d (1 scala source)[0m
2024.12.01 12:18:54 INFO  time: compiled day1_eb778a251d in 0.19s[0m
Dec 01, 2024 12:19:22 PM scala.meta.internal.pc.CompilerAccess handleError
SEVERE: A severe compiler error occurred, full details of the error can be found in the error report /home/platonv/code/aoc-2024/day1/.metals/.reports/metals-full/2024-12-01/r_compiler-error_(day1_eb778a251d)_12-19-22-392.md
2024.12.01 12:19:22 WARN  Could not find semantic tokens for: file:///home/platonv/code/aoc-2024/day1/main.sc[0m
2024.12.01 12:19:44 INFO  compiling day1_eb778a251d (1 scala source)[0m
2024.12.01 12:19:44 INFO  time: compiled day1_eb778a251d in 0.32s[0m
Dec 01, 2024 12:19:56 PM org.eclipse.lsp4j.jsonrpc.RemoteEndpoint handleCancellation
WARNING: Unmatched cancel notification for request id 3084
2024.12.01 12:19:58 INFO  compiling day1_eb778a251d (1 scala source)[0m
2024.12.01 12:19:58 INFO  time: compiled day1_eb778a251d in 0.2s[0m
Dec 01, 2024 12:20:05 PM org.eclipse.lsp4j.jsonrpc.RemoteEndpoint handleCancellation
WARNING: Unmatched cancel notification for request id 3128
2024.12.01 12:20:16 INFO  compiling day1_eb778a251d (1 scala source)[0m
2024.12.01 12:20:16 INFO  time: compiled day1_eb778a251d in 0.18s[0m
Dec 01, 2024 12:20:53 PM org.eclipse.lsp4j.jsonrpc.RemoteEndpoint handleCancellation
WARNING: Unmatched cancel notification for request id 3323
2024.12.01 12:21:12 INFO  compiling day1_eb778a251d (1 scala source)[0m
2024.12.01 12:21:12 INFO  time: compiled day1_eb778a251d in 0.24s[0m
2024.12.01 12:21:32 INFO  compiling day1_eb778a251d (1 scala source)[0m
2024.12.01 12:21:32 INFO  time: compiled day1_eb778a251d in 0.17s[0m
2024.12.01 12:21:34 INFO  compiling day1_eb778a251d (1 scala source)[0m
2024.12.01 12:21:34 INFO  time: compiled day1_eb778a251d in 0.16s[0m
Dec 01, 2024 12:21:45 PM org.eclipse.lsp4j.jsonrpc.RemoteEndpoint handleCancellation
WARNING: Unmatched cancel notification for request id 3611
2024.12.01 12:22:01 INFO  compiling day1_eb778a251d (1 scala source)[0m
2024.12.01 12:22:01 INFO  time: compiled day1_eb778a251d in 0.17s[0m
Dec 01, 2024 12:22:15 PM org.eclipse.lsp4j.jsonrpc.RemoteEndpoint handleCancellation
WARNING: Unmatched cancel notification for request id 3896
Dec 01, 2024 12:22:27 PM org.eclipse.lsp4j.jsonrpc.RemoteEndpoint handleCancellation
WARNING: Unmatched cancel notification for request id 4040
Dec 01, 2024 12:22:28 PM org.eclipse.lsp4j.jsonrpc.RemoteEndpoint handleCancellation
WARNING: Unmatched cancel notification for request id 4064
2024.12.01 12:22:29 INFO  compiling day1_eb778a251d (1 scala source)[0m
2024.12.01 12:22:29 INFO  time: compiled day1_eb778a251d in 0.17s[0m
Dec 01, 2024 12:23:37 PM org.eclipse.lsp4j.jsonrpc.RemoteEndpoint handleCancellation
WARNING: Unmatched cancel notification for request id 4087
2024.12.01 12:25:46 INFO  no build target found for /home/platonv/code/aoc-2024/day1/main1.sc. Using presentation compiler with project's scala-library version: 3.3.4[0m
2024.12.01 12:25:46 INFO  Cancelling compilation on scala-cli server[0m
2024.12.01 12:25:46 INFO  no build target found for /home/platonv/code/aoc-2024/day1/main1.sc. Using presentation compiler with project's scala-library version: 3.3.4[0m
2024.12.01 12:25:46 INFO  compiling day1_eb778a251d (1 scala source)[0m
2024.12.01 12:25:46 INFO  no build target found for /home/platonv/code/aoc-2024/day1/main1.sc. Using presentation compiler with project's scala-library version: 3.3.4[0m
2024.12.01 12:25:46 INFO  compiling day1_d5c0a6989e (1 scala source)[0m
2024.12.01 12:25:46 INFO  no build target found for /home/platonv/code/aoc-2024/day1/main1.sc. Using presentation compiler with project's scala-library version: 3.3.4[0m
2024.12.01 12:25:46 INFO  time: compiled day1_eb778a251d in 0.32s[0m
2024.12.01 12:25:46 WARN  no build target for: /home/platonv/code/aoc-2024/day1/main1.sc[0m
2024.12.01 12:25:46 INFO  time: Imported build in 0.37s[0m
2024.12.01 12:25:46 INFO  time: Imported build in 0.29s[0m
2024.12.01 12:25:46 INFO  time: compiled day1_d5c0a6989e in 0.31s[0m
2024.12.01 12:25:46 INFO  running doctor check[0m
2024.12.01 12:25:46 INFO  java targets: day1_d5c0a6989e, day1_d5c0a6989e-test, day1_eb778a251d-test, day1_eb778a251d[0m
2024.12.01 12:25:46 INFO  running doctor check[0m
2024.12.01 12:25:46 INFO  java targets: day1_d5c0a6989e, day1_d5c0a6989e-test, day1_eb778a251d-test, day1_eb778a251d[0m
2024.12.01 12:25:46 INFO  no build target found for /home/platonv/code/aoc-2024/day1/main1 copy.sc. Using presentation compiler with project's scala-library version: 3.3.4[0m
2024.12.01 12:25:46 INFO  Running List(/usr/local/bin/scala-cli, bsp, --workspace, /tmp/metals-scala-cli2997220637066417807, --semantic-db-source-root, /home/platonv/code/aoc-2024/day1, /home/platonv/code/aoc-2024/day1/main1 copy.sc)[0m
2024.12.01 12:25:46 INFO  tracing is disabled for protocol BSP, to enable tracing of incoming and outgoing JSON messages create an empty file at /home/platonv/code/aoc-2024/day1/.metals/bsp.trace.json or /home/platonv/.cache/metals/bsp.trace.json[0m
2024.12.01 12:25:46 INFO  no build target found for /home/platonv/code/aoc-2024/day1/main1 copy.sc. Using presentation compiler with project's scala-library version: 3.3.4[0m
2024.12.01 12:25:47 INFO  no build target found for /home/platonv/code/aoc-2024/day1/main1 copy.sc. Using presentation compiler with project's scala-library version: 3.3.4[0m
2024.12.01 12:25:46 INFO  compiling day1_d5c0a6989e (1 scala source)[0m
2024.12.01 12:25:46 INFO  compiling day1_eb778a251d (1 scala source)[0m
2024.12.01 12:25:47 INFO  running doctor check[0m
2024.12.01 12:25:47 INFO  java targets: day1_d5c0a6989e, day1_d5c0a6989e-test, day1_eb778a251d-test, day1_eb778a251d[0m
2024.12.01 12:25:46 INFO  running doctor check[0m
2024.12.01 12:25:46 INFO  java targets: day1_d5c0a6989e, day1_d5c0a6989e-test, day1_eb778a251d-test, day1_eb778a251d[0m
2024.12.01 12:25:47 INFO  Deduplicating compilation of day1_eb778a251d from bsp client 'scala-cli 1.5.4' (since 22m 56.7s)[0m
2024.12.01 12:25:47 INFO  compiling day1_eb778a251d (1 scala source)[0m
2024.12.01 12:25:47 INFO  Connected to Scala CLI server v1.5.4[0m
2024.12.01 12:25:47 INFO  time: compiled day1_eb778a251d in 33ms[0m
2024.12.01 12:25:47 INFO  compiling metals-scala-cli2997220637066417807_215e585c37-761d96bb6e (1 scala source)[0m
2024.12.01 12:25:47 INFO  time: compiled metals-scala-cli2997220637066417807_215e585c37-761d96bb6e in 0.28s[0m
2024.12.01 12:25:48 INFO  time: indexed workspace in 1.77s[0m
2024.12.01 12:25:48 INFO  time: indexed workspace in 1.8s[0m
2024.12.01 12:25:48 INFO  time: indexed workspace in 1.39s[0m
2024.12.01 12:25:48 INFO  time: indexed workspace in 1.4s[0m
2024.12.01 12:25:48 INFO  time: indexed workspace in 1.09s[0m
2024.12.01 12:25:48 INFO  Scala CLI started for /home/platonv/code/aoc-2024/day1/main1 copy.sc[0m
2024.12.01 12:25:55 INFO  Scala CLI: os.PathError$LastOnEmptyPath: empty path has no last segment[0m
2024.12.01 12:25:55 INFO  Scala CLI: 	at os.PathError$LastOnEmptyPath$.apply(Path.scala:269)[0m
2024.12.01 12:25:55 INFO  Scala CLI: 	at os.BasePathImpl.last$$anonfun$1(Path.scala:251)[0m
2024.12.01 12:25:55 INFO  Scala CLI: 	at scala.Option.getOrElse(Option.scala:201)[0m
2024.12.01 12:25:55 INFO  Scala CLI: 	at os.BasePathImpl.last(Path.scala:251)[0m
2024.12.01 12:25:55 INFO  Scala CLI: 	at os.BasePathImpl.last$(Path.scala:231)[0m
2024.12.01 12:25:55 INFO  Scala CLI: 	at os.RelPath.last(Path.scala:307)[0m
2024.12.01 12:25:55 INFO  Scala CLI: 	at scala.build.bsp.BloopSession.isScalaFile$1(BloopSession.scala:40)[0m
2024.12.01 12:25:55 INFO  Scala CLI: 	at scala.build.bsp.BloopSession.$anonfun$1(BloopSession.scala:42)[0m
2024.12.01 12:25:55 INFO  Scala CLI: 	at scala.build.bsp.BloopSession.registerWatchInputs$$anonfun$1$$anonfun$1(BloopSession.scala:48)[0m
2024.12.01 12:25:55 INFO  Scala CLI: 	at scala.runtime.function.JProcedure1.apply(JProcedure1.java:15)[0m
2024.12.01 12:25:55 INFO  Scala CLI: 	at scala.runtime.function.JProcedure1.apply(JProcedure1.java:10)[0m
2024.12.01 12:25:55 INFO  Scala CLI: 	at scala.build.Build$$anon$2.onNext(Build.scala:1247)[0m
2024.12.01 12:25:55 INFO  Scala CLI: 	at scala.build.Build$$anon$2.onNext(Build.scala:1246)[0m
2024.12.01 12:25:55 INFO  Scala CLI: 	at com.swoval.files.Observers.onNext(Observers.java:31)[0m
2024.12.01 12:25:55 INFO  Scala CLI: 	at com.swoval.files.SymlinkFollowingPathWatcher$1.onNext(SymlinkFollowingPathWatcher.java:58)[0m
2024.12.01 12:25:55 INFO  Scala CLI: 	at com.swoval.files.SymlinkFollowingPathWatcher$1.onNext(SymlinkFollowingPathWatcher.java:36)[0m
2024.12.01 12:25:55 INFO  Scala CLI: 	at com.swoval.files.Observers.onNext(Observers.java:31)[0m
2024.12.01 12:25:55 INFO  Scala CLI: 	at com.swoval.files.NioPathWatcher.runCallbacks(NioPathWatcher.java:462)[0m
2024.12.01 12:25:55 INFO  Scala CLI: 	at com.swoval.files.NioPathWatcher.handleEvent(NioPathWatcher.java:486)[0m
2024.12.01 12:25:55 INFO  Scala CLI: 	at com.swoval.files.NioPathWatcher.access$300(NioPathWatcher.java:35)[0m
2024.12.01 12:25:55 INFO  Scala CLI: 	at com.swoval.files.NioPathWatcher$2.accept(NioPathWatcher.java:108)[0m
2024.12.01 12:25:55 INFO  Scala CLI: 	at com.swoval.files.NioPathWatcher$2.accept(NioPathWatcher.java:102)[0m
2024.12.01 12:25:55 INFO  Scala CLI: 	at com.swoval.files.NioPathWatcherService$2.run(NioPathWatcherService.java:95)[0m
2024.12.01 12:25:55 INFO  Scala CLI: 	at com.oracle.svm.core.thread.PlatformThreads.threadStartRoutine(PlatformThreads.java:775)[0m
2024.12.01 12:25:55 INFO  Scala CLI: 	at com.oracle.svm.core.posix.thread.PosixPlatformThreads.pthreadStartRoutine(PosixPlatformThreads.java:203)[0m
2024.12.01 12:25:55 INFO  time: compiled metals-scala-cli2997220637066417807_215e585c37-761d96bb6e in 2ms[0m
2024.12.01 12:25:55 INFO  Cancelling compilation on scala-cli server[0m
2024.12.01 12:25:55 INFO  compiling day1_eb778a251d (1 scala source)[0m
2024.12.01 12:25:55 INFO  compiling day1_d5c0a6989e (1 scala source)[0m
2024.12.01 12:25:55 INFO  time: compiled day1_d5c0a6989e in 0.15s[0m
2024.12.01 12:25:55 INFO  time: compiled day1_eb778a251d in 0.2s[0m
2024.12.01 12:25:55 INFO  time: Imported build in 0.22s[0m
2024.12.01 12:25:55 INFO  time: Imported build in 0.22s[0m
2024.12.01 12:25:55 INFO  time: compiled metals-scala-cli2997220637066417807_215e585c37-761d96bb6e in 333μs[0m
2024.12.01 12:25:55 INFO  running doctor check[0m
2024.12.01 12:25:55 INFO  java targets: metals-scala-cli2997220637066417807_215e585c37-761d96bb6e, metals-scala-cli2997220637066417807_215e585c37-761d96bb6e-test, day1_d5c0a6989e, day1_d5c0a6989e-test, day1_eb778a251d-test, day1_eb778a251d[0m
2024.12.01 12:25:55 INFO  running doctor check[0m
2024.12.01 12:25:55 INFO  java targets: metals-scala-cli2997220637066417807_215e585c37-761d96bb6e, metals-scala-cli2997220637066417807_215e585c37-761d96bb6e-test, day1_d5c0a6989e, day1_d5c0a6989e-test, day1_eb778a251d-test, day1_eb778a251d[0m
2024.12.01 12:25:55 INFO  time: indexed workspace in 0.69s[0m
2024.12.01 12:25:55 INFO  time: indexed workspace in 0.69s[0m
2024.12.01 12:26:25 INFO  compiling day1_eb778a251d (1 scala source)[0m
2024.12.01 12:26:25 INFO  time: compiled day1_eb778a251d in 0.17s[0m
2024.12.01 12:27:01 INFO  no build target found for /home/platonv/code/aoc-2024/day1/main.sc. Using presentation compiler with project's scala-library version: 3.3.4[0m
2024.12.01 12:27:01 INFO  no build target found for /home/platonv/code/aoc-2024/day1/main.sc. Using presentation compiler with project's scala-library version: 3.3.4[0m
2024.12.01 12:27:01 WARN  no build target for: /home/platonv/code/aoc-2024/day1/main.sc[0m
2024.12.01 12:27:01 INFO  no build target found for /home/platonv/code/aoc-2024/day1/main.sc. Using presentation compiler with project's scala-library version: 3.3.4[0m
2024.12.01 12:27:01 INFO  Cancelling compilation on scala-cli server[0m
2024.12.01 12:27:01 INFO  compiling day1_eb778a251d (1 scala source)[0m
2024.12.01 12:27:01 INFO  no build target found for /home/platonv/code/aoc-2024/day1/main.sc. Using presentation compiler with project's scala-library version: 3.3.4[0m
2024.12.01 12:27:01 INFO  compiling day1_d5c0a6989e (1 scala source)[0m
2024.12.01 12:27:01 INFO  no build target found for /home/platonv/code/aoc-2024/day1/main.sc. Using presentation compiler with project's scala-library version: 3.3.4[0m
2024.12.01 12:27:01 INFO  time: compiled day1_eb778a251d in 0.35s[0m
2024.12.01 12:27:02 WARN  no build target for: /home/platonv/code/aoc-2024/day1/main.sc[0m
2024.12.01 12:27:01 INFO  time: compiled day1_d5c0a6989e in 0.32s[0m
2024.12.01 12:27:02 INFO  time: Imported build in 0.4s[0m
2024.12.01 12:27:02 INFO  time: Imported build in 0.35s[0m
2024.12.01 12:27:02 INFO  no build target found for /home/platonv/code/aoc-2024/day1/main.sc. Using presentation compiler with project's scala-library version: 3.3.4[0m
2024.12.01 12:27:02 INFO  running doctor check[0m
2024.12.01 12:27:02 INFO  running doctor check[0m
2024.12.01 12:27:02 INFO  java targets: metals-scala-cli2997220637066417807_215e585c37-761d96bb6e, metals-scala-cli2997220637066417807_215e585c37-761d96bb6e-test, day1_d5c0a6989e, day1_d5c0a6989e-test, day1_eb778a251d-test, day1_eb778a251d[0m
2024.12.01 12:27:02 INFO  java targets: metals-scala-cli2997220637066417807_215e585c37-761d96bb6e, metals-scala-cli2997220637066417807_215e585c37-761d96bb6e-test, day1_d5c0a6989e, day1_d5c0a6989e-test, day1_eb778a251d-test, day1_eb778a251d[0m
2024.12.01 12:27:02 INFO  no build target found for /home/platonv/code/aoc-2024/day1/main copy.sc. Using presentation compiler with project's scala-library version: 3.3.4[0m
2024.12.01 12:27:02 INFO  Running List(/usr/local/bin/scala-cli, bsp, --workspace, /tmp/metals-scala-cli2997220637066417807, --semantic-db-source-root, /home/platonv/code/aoc-2024/day1, /home/platonv/code/aoc-2024/day1/main copy.sc)[0m
2024.12.01 12:27:02 INFO  tracing is disabled for protocol BSP, to enable tracing of incoming and outgoing JSON messages create an empty file at /home/platonv/code/aoc-2024/day1/.metals/bsp.trace.json or /home/platonv/.cache/metals/bsp.trace.json[0m
2024.12.01 12:27:02 INFO  no build target found for /home/platonv/code/aoc-2024/day1/main copy.sc. Using presentation compiler with project's scala-library version: 3.3.4[0m
2024.12.01 12:27:02 INFO  no build target found for /home/platonv/code/aoc-2024/day1/main copy.sc. Using presentation compiler with project's scala-library version: 3.3.4[0m
2024.12.01 12:27:02 INFO  compiling day1_d5c0a6989e (1 scala source)[0m
2024.12.01 12:27:03 INFO  compiling day1_eb778a251d (1 scala source)[0m
2024.12.01 12:27:02 WARN  no build target for: /home/platonv/code/aoc-2024/day1/main copy.sc[0m
2024.12.01 12:27:03 INFO  running doctor check[0m
2024.12.01 12:27:03 INFO  java targets: metals-scala-cli2997220637066417807_215e585c37-761d96bb6e, metals-scala-cli2997220637066417807_215e585c37-761d96bb6e-test, day1_d5c0a6989e, day1_d5c0a6989e-test, day1_eb778a251d-test, day1_eb778a251d[0m
2024.12.01 12:27:03 INFO  running doctor check[0m
2024.12.01 12:27:03 INFO  java targets: metals-scala-cli2997220637066417807_215e585c37-761d96bb6e, metals-scala-cli2997220637066417807_215e585c37-761d96bb6e-test, day1_d5c0a6989e, day1_d5c0a6989e-test, day1_eb778a251d-test, day1_eb778a251d[0m
2024.12.01 12:27:03 INFO  Connected to Scala CLI server v1.5.4[0m
2024.12.01 12:27:02 INFO  compiling metals-scala-cli2997220637066417807_215e585c37-e2615d26fe (1 scala source)[0m
2024.12.01 12:27:03 INFO  time: indexed workspace in 1.51s[0m
2024.12.01 12:27:03 INFO  time: indexed workspace in 1.47s[0m
2024.12.01 12:27:03 INFO  time: compiled metals-scala-cli2997220637066417807_215e585c37-e2615d26fe in 0.31s[0m
2024.12.01 12:27:04 INFO  time: indexed workspace in 1.29s[0m
2024.12.01 12:27:04 INFO  time: indexed workspace in 1.3s[0m
2024.12.01 12:27:04 INFO  time: indexed workspace in 0.99s[0m
2024.12.01 12:27:04 INFO  Scala CLI started for /home/platonv/code/aoc-2024/day1/main copy.sc[0m
Dec 01, 2024 12:27:15 PM org.eclipse.lsp4j.jsonrpc.RemoteEndpoint handleCancellation
WARNING: Unmatched cancel notification for request id 4532
2024.12.01 12:27:22 INFO  compiling day1_eb778a251d (1 scala source)[0m
2024.12.01 12:27:22 INFO  time: compiled day1_eb778a251d in 0.18s[0m
2024.12.01 12:27:41 INFO  compiling day1_eb778a251d (1 scala source)[0m
2024.12.01 12:27:41 INFO  time: compiled day1_eb778a251d in 0.15s[0m
2024.12.01 12:27:46 INFO  compiling day1_eb778a251d (1 scala source)[0m
2024.12.01 12:27:46 INFO  time: compiled day1_eb778a251d in 99ms[0m
2024.12.01 12:27:51 INFO  compiling day1_eb778a251d (1 scala source)[0m
2024.12.01 12:27:51 INFO  time: compiled day1_eb778a251d in 77ms[0m
Dec 01, 2024 12:27:56 PM org.eclipse.lsp4j.jsonrpc.RemoteEndpoint handleCancellation
WARNING: Unmatched cancel notification for request id 4732
2024.12.01 12:27:58 INFO  compiling day1_eb778a251d (1 scala source)[0m
2024.12.01 12:27:58 INFO  time: compiled day1_eb778a251d in 72ms[0m
2024.12.01 12:27:59 INFO  compiling day1_eb778a251d (1 scala source)[0m
2024.12.01 12:27:59 INFO  time: compiled day1_eb778a251d in 67ms[0m
2024.12.01 12:28:12 INFO  compiling day1_eb778a251d (1 scala source)[0m
2024.12.01 12:28:12 INFO  time: compiled day1_eb778a251d in 0.15s[0m
2024.12.01 12:28:41 INFO  compiling day1_eb778a251d (1 scala source)[0m
2024.12.01 12:28:41 INFO  time: compiled day1_eb778a251d in 0.14s[0m
2024.12.01 12:28:44 INFO  compiling day1_eb778a251d (1 scala source)[0m
2024.12.01 12:28:44 INFO  time: compiled day1_eb778a251d in 0.14s[0m
2024.12.01 12:28:47 INFO  compiling day1_eb778a251d (1 scala source)[0m
2024.12.01 12:28:47 INFO  time: compiled day1_eb778a251d in 0.18s[0m
2024.12.01 12:28:57 INFO  compiling day1_eb778a251d (1 scala source)[0m
2024.12.01 12:28:57 INFO  time: compiled day1_eb778a251d in 67ms[0m
2024.12.01 12:29:06 INFO  compiling day1_eb778a251d (1 scala source)[0m
2024.12.01 12:29:06 INFO  time: compiled day1_eb778a251d in 66ms[0m
Dec 01, 2024 12:29:13 PM org.eclipse.lsp4j.jsonrpc.RemoteEndpoint handleCancellation
WARNING: Unmatched cancel notification for request id 5033
Dec 01, 2024 12:29:13 PM org.eclipse.lsp4j.jsonrpc.RemoteEndpoint handleCancellation
WARNING: Unmatched cancel notification for request id 5035
2024.12.01 12:29:15 INFO  compiling day1_eb778a251d (1 scala source)[0m
2024.12.01 12:29:15 INFO  time: compiled day1_eb778a251d in 65ms[0m
2024.12.01 12:29:20 INFO  compiling day1_eb778a251d (1 scala source)[0m
2024.12.01 12:29:20 INFO  time: compiled day1_eb778a251d in 64ms[0m
Dec 01, 2024 12:29:27 PM org.eclipse.lsp4j.jsonrpc.RemoteEndpoint handleCancellation
WARNING: Unmatched cancel notification for request id 5118
2024.12.01 12:29:33 INFO  compiling day1_eb778a251d (1 scala source)[0m
2024.12.01 12:29:33 INFO  time: compiled day1_eb778a251d in 76ms[0m
2024.12.01 12:29:37 INFO  compiling day1_eb778a251d (1 scala source)[0m
2024.12.01 12:29:37 INFO  time: compiled day1_eb778a251d in 64ms[0m
2024.12.01 12:29:52 INFO  compiling day1_eb778a251d (1 scala source)[0m
2024.12.01 12:29:52 INFO  time: compiled day1_eb778a251d in 62ms[0m
Dec 01, 2024 12:30:08 PM org.eclipse.lsp4j.jsonrpc.RemoteEndpoint handleCancellation
WARNING: Unmatched cancel notification for request id 5470
2024.12.01 12:30:09 INFO  compiling day1_eb778a251d (1 scala source)[0m
2024.12.01 12:30:09 INFO  time: compiled day1_eb778a251d in 63ms[0m
2024.12.01 12:30:13 INFO  compiling day1_eb778a251d (1 scala source)[0m
2024.12.01 12:30:13 INFO  time: compiled day1_eb778a251d in 0.22s[0m
2024.12.01 12:31:43 INFO  Scala CLI: os.PathError$LastOnEmptyPath: empty path has no last segment[0m
2024.12.01 12:31:43 INFO  Scala CLI: 	at os.PathError$LastOnEmptyPath$.apply(Path.scala:269)[0m
2024.12.01 12:31:43 INFO  Scala CLI: 	at os.BasePathImpl.last$$anonfun$1(Path.scala:251)[0m
2024.12.01 12:31:43 INFO  Scala CLI: 	at scala.Option.getOrElse(Option.scala:201)[0m
2024.12.01 12:31:43 INFO  Scala CLI: 	at os.BasePathImpl.last(Path.scala:251)[0m
2024.12.01 12:31:43 INFO  Scala CLI: 	at os.BasePathImpl.last$(Path.scala:231)[0m
2024.12.01 12:31:43 INFO  Scala CLI: 	at os.RelPath.last(Path.scala:307)[0m
2024.12.01 12:31:43 INFO  Scala CLI: 	at scala.build.bsp.BloopSession.isScalaFile$1(BloopSession.scala:40)[0m
2024.12.01 12:31:43 INFO  Scala CLI: 	at scala.build.bsp.BloopSession.$anonfun$1(BloopSession.scala:42)[0m
2024.12.01 12:31:43 INFO  Scala CLI: 	at scala.build.bsp.BloopSession.registerWatchInputs$$anonfun$1$$anonfun$1(BloopSession.scala:48)[0m
2024.12.01 12:31:43 INFO  Scala CLI: 	at scala.runtime.function.JProcedure1.apply(JProcedure1.java:15)[0m
2024.12.01 12:31:43 INFO  Scala CLI: 	at scala.runtime.function.JProcedure1.apply(JProcedure1.java:10)[0m
2024.12.01 12:31:43 INFO  Scala CLI: 	at scala.build.Build$$anon$2.onNext(Build.scala:1247)[0m
2024.12.01 12:31:43 INFO  Scala CLI: 	at scala.build.Build$$anon$2.onNext(Build.scala:1246)[0m
2024.12.01 12:31:43 INFO  Scala CLI: 	at com.swoval.files.Observers.onNext(Observers.java:31)[0m
2024.12.01 12:31:43 INFO  Scala CLI: 	at com.swoval.files.SymlinkFollowingPathWatcher$1.onNext(SymlinkFollowingPathWatcher.java:58)[0m
2024.12.01 12:31:43 INFO  Scala CLI: 	at com.swoval.files.SymlinkFollowingPathWatcher$1.onNext(SymlinkFollowingPathWatcher.java:36)[0m
2024.12.01 12:31:43 INFO  Scala CLI: 	at com.swoval.files.Observers.onNext(Observers.java:31)[0m
2024.12.01 12:31:43 INFO  Scala CLI: 	at com.swoval.files.NioPathWatcher.runCallbacks(NioPathWatcher.java:462)[0m
2024.12.01 12:31:43 INFO  Scala CLI: 	at com.swoval.files.NioPathWatcher.handleEvent(NioPathWatcher.java:486)[0m
2024.12.01 12:31:43 INFO  Scala CLI: 	at com.swoval.files.NioPathWatcher.access$300(NioPathWatcher.java:35)[0m
2024.12.01 12:31:43 INFO  Scala CLI: 	at com.swoval.files.NioPathWatcher$2.accept(NioPathWatcher.java:108)[0m
2024.12.01 12:31:43 INFO  Scala CLI: 	at com.swoval.files.NioPathWatcher$2.accept(NioPathWatcher.java:102)[0m
2024.12.01 12:31:43 INFO  Scala CLI: 	at com.swoval.files.NioPathWatcherService$2.run(NioPathWatcherService.java:95)[0m
2024.12.01 12:31:43 INFO  Scala CLI: 	at com.oracle.svm.core.thread.PlatformThreads.threadStartRoutine(PlatformThreads.java:775)[0m
2024.12.01 12:31:43 INFO  Scala CLI: 	at com.oracle.svm.core.posix.thread.PosixPlatformThreads.pthreadStartRoutine(PosixPlatformThreads.java:203)[0m
2024.12.01 12:31:43 INFO  running doctor check[0m
2024.12.01 12:31:43 INFO  java targets: metals-scala-cli2997220637066417807_215e585c37-e2615d26fe-test, metals-scala-cli2997220637066417807_215e585c37-e2615d26fe, day1_d5c0a6989e, day1_d5c0a6989e-test, day1_eb778a251d-test, day1_eb778a251d[0m
2024.12.01 12:31:43 INFO  running doctor check[0m
2024.12.01 12:31:43 INFO  java targets: metals-scala-cli2997220637066417807_215e585c37-e2615d26fe-test, metals-scala-cli2997220637066417807_215e585c37-e2615d26fe, metals-scala-cli2997220637066417807_215e585c37-761d96bb6e, metals-scala-cli2997220637066417807_215e585c37-761d96bb6e-test, day1_d5c0a6989e, day1_d5c0a6989e-test, day1_eb778a251d-test, day1_eb778a251d[0m
2024.12.01 12:31:43 INFO  compiling day1_d5c0a6989e (1 scala source)[0m
2024.12.01 12:31:43 INFO  compiling day1_eb778a251d (1 scala source)[0m
2024.12.01 12:31:43 INFO  time: compiled day1_eb778a251d in 0.25s[0m
2024.12.01 12:31:43 INFO  time: compiled day1_d5c0a6989e in 0.27s[0m
2024.12.01 12:31:44 INFO  time: indexed workspace in 1.12s[0m
2024.12.01 12:31:44 INFO  time: indexed workspace in 1.13s[0m
